The system is: Windows - 10.0.19045 - AMD64
Compiling the C compiler identification source file "CMakeCCompilerId.c" succeeded.
Compiler: C:/Program Files (x86)/Microsoft Visual Studio/2019/Community/VC/Tools/MSVC/14.24.28314/bin/HostX64/x64/cl.exe 
Build flags: 
Id flags:  

The output was:
0
Microsoft (R) C/C++ 최적화 컴파일러 버전 19.24.28319(x64)
Copyright (c) Microsoft Corporation. All rights reserved.

CMakeCCompilerId.c
Microsoft (R) Incremental Linker Version 14.24.28319.0
Copyright (C) Microsoft Corporation.  All rights reserved.

/out:CMakeCCompilerId.exe 
CMakeCCompilerId.obj 


Compilation of the C compiler identification source "CMakeCCompilerId.c" produced "CMakeCCompilerId.exe"

Compilation of the C compiler identification source "CMakeCCompilerId.c" produced "CMakeCCompilerId.obj"

The C compiler identification is MSVC, found in "C:/Users/82108/ubuntu/calculator/out/build/x64-Debug/CMakeFiles/3.15.19101501-MSVC_2/CompilerIdC/CMakeCCompilerId.exe"

Compiling the CXX compiler identification source file "CMakeCXXCompilerId.cpp" succeeded.
Compiler: C:/Program Files (x86)/Microsoft Visual Studio/2019/Community/VC/Tools/MSVC/14.24.28314/bin/HostX64/x64/cl.exe 
Build flags: 
Id flags:  

The output was:
0
Microsoft (R) C/C++ 최적화 컴파일러 버전 19.24.28319(x64)
Copyright (c) Microsoft Corporation. All rights reserved.

CMakeCXXCompilerId.cpp
Microsoft (R) Incremental Linker Version 14.24.28319.0
Copyright (C) Microsoft Corporation.  All rights reserved.

/out:CMakeCXXCompilerId.exe 
CMakeCXXCompilerId.obj 


Compilation of the CXX compiler identification source "CMakeCXXCompilerId.cpp" produced "CMakeCXXCompilerId.exe"

Compilation of the CXX compiler identification source "CMakeCXXCompilerId.cpp" produced "CMakeCXXCompilerId.obj"

The CXX compiler identification is MSVC, found in "C:/Users/82108/ubuntu/calculator/out/build/x64-Debug/CMakeFiles/3.15.19101501-MSVC_2/CompilerIdCXX/CMakeCXXCompilerId.exe"

Determining if the C compiler works passed with the following output:
Change Dir: C:/Users/82108/ubuntu/calculator/out/build/x64-Debug/CMakeFiles/CMakeTmp

Run Build Command(s):C:/Program Files (x86)/Microsoft Visual Studio/2019/Community/Common7/IDE/CommonExtensions/Microsoft/CMake/Ninja/ninja.exe cmTC_6e536 && [1/2] Building C object CMakeFiles\cmTC_6e536.dir\testCCompiler.c.obj
[2/2] Linking C executable cmTC_6e536.exe



Detecting C compiler ABI info compiled with the following output:
Change Dir: C:/Users/82108/ubuntu/calculator/out/build/x64-Debug/CMakeFiles/CMakeTmp

Run Build Command(s):C:/Program Files (x86)/Microsoft Visual Studio/2019/Community/Common7/IDE/CommonExtensions/Microsoft/CMake/Ninja/ninja.exe cmTC_721bd && [1/2] Building C object CMakeFiles\cmTC_721bd.dir\CMakeCCompilerABI.c.obj
[2/2] Linking C executable cmTC_721bd.exe



Determining if the CXX compiler works passed with the following output:
Change Dir: C:/Users/82108/ubuntu/calculator/out/build/x64-Debug/CMakeFiles/CMakeTmp

Run Build Command(s):C:/Program Files (x86)/Microsoft Visual Studio/2019/Community/Common7/IDE/CommonExtensions/Microsoft/CMake/Ninja/ninja.exe cmTC_f5a0f && [1/2] Building CXX object CMakeFiles\cmTC_f5a0f.dir\testCXXCompiler.cxx.obj
[2/2] Linking CXX executable cmTC_f5a0f.exe



Detecting CXX compiler ABI info compiled with the following output:
Change Dir: C:/Users/82108/ubuntu/calculator/out/build/x64-Debug/CMakeFiles/CMakeTmp

Run Build Command(s):C:/Program Files (x86)/Microsoft Visual Studio/2019/Community/Common7/IDE/CommonExtensions/Microsoft/CMake/Ninja/ninja.exe cmTC_3df15 && [1/2] Building CXX object CMakeFiles\cmTC_3df15.dir\CMakeCXXCompilerABI.cpp.obj
[2/2] Linking CXX executable cmTC_3df15.exe



